[22-Feb-2020 07:46:10 UTC] PHP Fatal error:  Uncaught WC_Data_Exception: Invalid or duplicated SKU. in C:\xampp\htdocs\wp_petshop\wp-content\plugins\woocommerce\includes\abstracts\abstract-wc-data.php:810
Stack trace:
#0 C:\xampp\htdocs\wp_petshop\wp-content\plugins\woocommerce\includes\abstracts\abstract-wc-product.php(820): WC_Data->error('product_invalid...', 'Invalid or dupl...', 400, Array)
#1 C:\xampp\htdocs\wp_petshop\wp-content\themes\electro-child\functions.php(22): WC_Product->set_sku('product-sku')
#2 C:\xampp\htdocs\wp_petshop\wp-includes\class-wp-hook.php(288): wdm_add_user_custom_data_options_callback('')
#3 C:\xampp\htdocs\wp_petshop\wp-includes\class-wp-hook.php(312): WP_Hook->apply_filters('', Array)
#4 C:\xampp\htdocs\wp_petshop\wp-includes\plugin.php(478): WP_Hook->do_action(Array)
#5 C:\xampp\htdocs\wp_petshop\wp-admin\admin-ajax.php(175): do_action('wp_ajax_wdm_add...')
#6 {main}
  thrown in C:\xampp\htdocs\wp_petshop\wp-content\plugins\woocommerce\includes\abstracts\abstract-wc-data.php on line 810
[22-Feb-2020 07:58:24 UTC] PHP Parse error:  syntax error, unexpected '*' in C:\xampp\htdocs\wp_petshop\wp-content\themes\electro-child\functions.php on line 93
[22-Feb-2020 08:30:59 UTC] PHP Fatal error:  Uncaught Error: Call to undefined function unique_multidim_array() in C:\xampp\htdocs\wp_petshop\wp-content\themes\electro-child\page-pets.php:53
Stack trace:
#0 C:\xampp\htdocs\wp_petshop\wp-includes\template-loader.php(98): include()
#1 C:\xampp\htdocs\wp_petshop\wp-blog-header.php(19): require_once('C:\\xampp\\htdocs...')
#2 C:\xampp\htdocs\wp_petshop\index.php(17): require('C:\\xampp\\htdocs...')
#3 {main}
  thrown in C:\xampp\htdocs\wp_petshop\wp-content\themes\electro-child\page-pets.php on line 53
[22-Feb-2020 08:47:30 UTC] PHP Notice:  wp_enqueue_style was called <strong>incorrectly</strong>. Scripts and styles should not be registered or enqueued until the <code>wp_enqueue_scripts</code>, <code>admin_enqueue_scripts</code>, or <code>login_enqueue_scripts</code> hooks. Please see <a href="https://wordpress.org/support/article/debugging-in-wordpress/">Debugging in WordPress</a> for more information. (This message was added in version 3.3.0.) in C:\xampp\htdocs\wp_petshop\wp-includes\functions.php on line 4986
[22-Feb-2020 08:47:32 UTC] PHP Notice:  wp_enqueue_style was called <strong>incorrectly</strong>. Scripts and styles should not be registered or enqueued until the <code>wp_enqueue_scripts</code>, <code>admin_enqueue_scripts</code>, or <code>login_enqueue_scripts</code> hooks. Please see <a href="https://wordpress.org/support/article/debugging-in-wordpress/">Debugging in WordPress</a> for more information. (This message was added in version 3.3.0.) in C:\xampp\htdocs\wp_petshop\wp-includes\functions.php on line 4986
[22-Feb-2020 08:47:32 UTC] PHP Fatal error:  Uncaught Error: Call to undefined function unique_multidim_array() in C:\xampp\htdocs\wp_petshop\wp-content\themes\electro-child\page-pets.php:53
Stack trace:
#0 C:\xampp\htdocs\wp_petshop\wp-includes\template-loader.php(98): include()
#1 C:\xampp\htdocs\wp_petshop\wp-blog-header.php(19): require_once('C:\\xampp\\htdocs...')
#2 C:\xampp\htdocs\wp_petshop\index.php(17): require('C:\\xampp\\htdocs...')
#3 {main}
  thrown in C:\xampp\htdocs\wp_petshop\wp-content\themes\electro-child\page-pets.php on line 53
[22-Feb-2020 08:49:36 UTC] PHP Notice:  wp_enqueue_style was called <strong>incorrectly</strong>. Scripts and styles should not be registered or enqueued until the <code>wp_enqueue_scripts</code>, <code>admin_enqueue_scripts</code>, or <code>login_enqueue_scripts</code> hooks. Please see <a href="https://wordpress.org/support/article/debugging-in-wordpress/">Debugging in WordPress</a> for more information. (This message was added in version 3.3.0.) in C:\xampp\htdocs\wp_petshop\wp-includes\functions.php on line 4986
[22-Feb-2020 08:49:38 UTC] PHP Notice:  wp_enqueue_style was called <strong>incorrectly</strong>. Scripts and styles should not be registered or enqueued until the <code>wp_enqueue_scripts</code>, <code>admin_enqueue_scripts</code>, or <code>login_enqueue_scripts</code> hooks. Please see <a href="https://wordpress.org/support/article/debugging-in-wordpress/">Debugging in WordPress</a> for more information. (This message was added in version 3.3.0.) in C:\xampp\htdocs\wp_petshop\wp-includes\functions.php on line 4986
[22-Feb-2020 08:49:38 UTC] PHP Fatal error:  Uncaught Error: Call to undefined function unique_multidim_array() in C:\xampp\htdocs\wp_petshop\wp-content\themes\electro-child\page-pets.php:53
Stack trace:
#0 C:\xampp\htdocs\wp_petshop\wp-includes\template-loader.php(98): include()
#1 C:\xampp\htdocs\wp_petshop\wp-blog-header.php(19): require_once('C:\\xampp\\htdocs...')
#2 C:\xampp\htdocs\wp_petshop\index.php(17): require('C:\\xampp\\htdocs...')
#3 {main}
  thrown in C:\xampp\htdocs\wp_petshop\wp-content\themes\electro-child\page-pets.php on line 53
[22-Feb-2020 08:50:11 UTC] PHP Notice:  wp_enqueue_style was called <strong>incorrectly</strong>. Scripts and styles should not be registered or enqueued until the <code>wp_enqueue_scripts</code>, <code>admin_enqueue_scripts</code>, or <code>login_enqueue_scripts</code> hooks. Please see <a href="https://wordpress.org/support/article/debugging-in-wordpress/">Debugging in WordPress</a> for more information. (This message was added in version 3.3.0.) in C:\xampp\htdocs\wp_petshop\wp-includes\functions.php on line 4986
[22-Feb-2020 08:50:11 UTC] PHP Fatal error:  Uncaught Error: Call to undefined function unique_multidim_array() in C:\xampp\htdocs\wp_petshop\wp-content\themes\electro-child\page-pets.php:53
Stack trace:
#0 C:\xampp\htdocs\wp_petshop\wp-includes\template-loader.php(98): include()
#1 C:\xampp\htdocs\wp_petshop\wp-blog-header.php(19): require_once('C:\\xampp\\htdocs...')
#2 C:\xampp\htdocs\wp_petshop\index.php(17): require('C:\\xampp\\htdocs...')
#3 {main}
  thrown in C:\xampp\htdocs\wp_petshop\wp-content\themes\electro-child\page-pets.php on line 53
[22-Feb-2020 08:52:45 UTC] PHP Parse error:  syntax error, unexpected 'public' (T_PUBLIC), expecting end of file in C:\xampp\htdocs\wp_petshop\wp-content\themes\electro-child\functions.php on line 130
[22-Feb-2020 08:54:23 UTC] PHP Fatal error:  Uncaught Error: Call to undefined function unique_multidim_array() in C:\xampp\htdocs\wp_petshop\wp-content\themes\electro-child\page-pets.php:53
Stack trace:
#0 C:\xampp\htdocs\wp_petshop\wp-includes\template-loader.php(98): include()
#1 C:\xampp\htdocs\wp_petshop\wp-blog-header.php(19): require_once('C:\\xampp\\htdocs...')
#2 C:\xampp\htdocs\wp_petshop\index.php(17): require('C:\\xampp\\htdocs...')
#3 {main}
  thrown in C:\xampp\htdocs\wp_petshop\wp-content\themes\electro-child\page-pets.php on line 53
[22-Feb-2020 08:54:42 UTC] PHP Fatal error:  Uncaught Error: Call to undefined function unique_multidim_array() in C:\xampp\htdocs\wp_petshop\wp-content\themes\electro-child\page-pets.php:53
Stack trace:
#0 C:\xampp\htdocs\wp_petshop\wp-includes\template-loader.php(98): include()
#1 C:\xampp\htdocs\wp_petshop\wp-blog-header.php(19): require_once('C:\\xampp\\htdocs...')
#2 C:\xampp\htdocs\wp_petshop\index.php(17): require('C:\\xampp\\htdocs...')
#3 {main}
  thrown in C:\xampp\htdocs\wp_petshop\wp-content\themes\electro-child\page-pets.php on line 53
[22-Feb-2020 08:54:48 UTC] PHP Fatal error:  Uncaught Error: Call to undefined function unique_multidim_array() in C:\xampp\htdocs\wp_petshop\wp-content\themes\electro-child\page-pets.php:53
Stack trace:
#0 C:\xampp\htdocs\wp_petshop\wp-includes\template-loader.php(98): include()
#1 C:\xampp\htdocs\wp_petshop\wp-blog-header.php(19): require_once('C:\\xampp\\htdocs...')
#2 C:\xampp\htdocs\wp_petshop\index.php(17): require('C:\\xampp\\htdocs...')
#3 {main}
  thrown in C:\xampp\htdocs\wp_petshop\wp-content\themes\electro-child\page-pets.php on line 53
[22-Feb-2020 08:55:00 UTC] PHP Fatal error:  Uncaught Error: Call to undefined function unique_multidim_array() in C:\xampp\htdocs\wp_petshop\wp-content\themes\electro-child\page-pets.php:53
Stack trace:
#0 C:\xampp\htdocs\wp_petshop\wp-includes\template-loader.php(98): include()
#1 C:\xampp\htdocs\wp_petshop\wp-blog-header.php(19): require_once('C:\\xampp\\htdocs...')
#2 C:\xampp\htdocs\wp_petshop\index.php(17): require('C:\\xampp\\htdocs...')
#3 {main}
  thrown in C:\xampp\htdocs\wp_petshop\wp-content\themes\electro-child\page-pets.php on line 53
[22-Feb-2020 08:55:19 UTC] PHP Fatal error:  Uncaught Error: Call to undefined function unique_multidim_array() in C:\xampp\htdocs\wp_petshop\wp-content\themes\electro-child\page-pets.php:53
Stack trace:
#0 C:\xampp\htdocs\wp_petshop\wp-includes\template-loader.php(98): include()
#1 C:\xampp\htdocs\wp_petshop\wp-blog-header.php(19): require_once('C:\\xampp\\htdocs...')
#2 C:\xampp\htdocs\wp_petshop\index.php(17): require('C:\\xampp\\htdocs...')
#3 {main}
  thrown in C:\xampp\htdocs\wp_petshop\wp-content\themes\electro-child\page-pets.php on line 53
[22-Feb-2020 08:55:48 UTC] PHP Fatal error:  Uncaught Error: Call to undefined function unique_multidim_array() in C:\xampp\htdocs\wp_petshop\wp-content\themes\electro-child\page-pets.php:53
Stack trace:
#0 C:\xampp\htdocs\wp_petshop\wp-includes\template-loader.php(98): include()
#1 C:\xampp\htdocs\wp_petshop\wp-blog-header.php(19): require_once('C:\\xampp\\htdocs...')
#2 C:\xampp\htdocs\wp_petshop\index.php(17): require('C:\\xampp\\htdocs...')
#3 {main}
  thrown in C:\xampp\htdocs\wp_petshop\wp-content\themes\electro-child\page-pets.php on line 53
[22-Feb-2020 08:56:01 UTC] PHP Fatal error:  Uncaught Error: Call to undefined function unique_multidim_array() in C:\xampp\htdocs\wp_petshop\wp-content\themes\electro-child\page-pets.php:53
Stack trace:
#0 C:\xampp\htdocs\wp_petshop\wp-includes\template-loader.php(98): include()
#1 C:\xampp\htdocs\wp_petshop\wp-blog-header.php(19): require_once('C:\\xampp\\htdocs...')
#2 C:\xampp\htdocs\wp_petshop\index.php(17): require('C:\\xampp\\htdocs...')
#3 {main}
  thrown in C:\xampp\htdocs\wp_petshop\wp-content\themes\electro-child\page-pets.php on line 53
[22-Feb-2020 09:05:28 UTC] PHP Fatal error:  Uncaught Error: Call to undefined function unique_multidim_array() in C:\xampp\htdocs\wp_petshop\wp-content\themes\electro-child\page-pets.php:53
Stack trace:
#0 C:\xampp\htdocs\wp_petshop\wp-includes\template-loader.php(98): include()
#1 C:\xampp\htdocs\wp_petshop\wp-blog-header.php(19): require_once('C:\\xampp\\htdocs...')
#2 C:\xampp\htdocs\wp_petshop\index.php(17): require('C:\\xampp\\htdocs...')
#3 {main}
  thrown in C:\xampp\htdocs\wp_petshop\wp-content\themes\electro-child\page-pets.php on line 53
[22-Feb-2020 09:08:45 UTC] PHP Fatal error:  Uncaught Error: Call to undefined function unique_multidim_array() in C:\xampp\htdocs\wp_petshop\wp-content\themes\electro-child\page-pets.php:53
Stack trace:
#0 C:\xampp\htdocs\wp_petshop\wp-includes\template-loader.php(98): include()
#1 C:\xampp\htdocs\wp_petshop\wp-blog-header.php(19): require_once('C:\\xampp\\htdocs...')
#2 C:\xampp\htdocs\wp_petshop\index.php(17): require('C:\\xampp\\htdocs...')
#3 {main}
  thrown in C:\xampp\htdocs\wp_petshop\wp-content\themes\electro-child\page-pets.php on line 53
[22-Feb-2020 09:18:25 UTC] PHP Fatal error:  Uncaught Error: Call to undefined function unique_multidim_array() in C:\xampp\htdocs\wp_petshop\wp-content\themes\electro-child\page-pets.php:53
Stack trace:
#0 C:\xampp\htdocs\wp_petshop\wp-includes\template-loader.php(98): include()
#1 C:\xampp\htdocs\wp_petshop\wp-blog-header.php(19): require_once('C:\\xampp\\htdocs...')
#2 C:\xampp\htdocs\wp_petshop\index.php(17): require('C:\\xampp\\htdocs...')
#3 {main}
  thrown in C:\xampp\htdocs\wp_petshop\wp-content\themes\electro-child\page-pets.php on line 53
[22-Feb-2020 09:24:43 UTC] PHP Fatal error:  Uncaught Error: Call to undefined function unique_multidim_array() in C:\xampp\htdocs\wp_petshop\wp-content\themes\electro-child\page-pets.php:53
Stack trace:
#0 C:\xampp\htdocs\wp_petshop\wp-includes\template-loader.php(98): include()
#1 C:\xampp\htdocs\wp_petshop\wp-blog-header.php(19): require_once('C:\\xampp\\htdocs...')
#2 C:\xampp\htdocs\wp_petshop\index.php(17): require('C:\\xampp\\htdocs...')
#3 {main}
  thrown in C:\xampp\htdocs\wp_petshop\wp-content\themes\electro-child\page-pets.php on line 53
[22-Feb-2020 09:24:47 UTC] PHP Fatal error:  Uncaught Error: Call to undefined function unique_multidim_array() in C:\xampp\htdocs\wp_petshop\wp-content\themes\electro-child\page-pets.php:53
Stack trace:
#0 C:\xampp\htdocs\wp_petshop\wp-includes\template-loader.php(98): include()
#1 C:\xampp\htdocs\wp_petshop\wp-blog-header.php(19): require_once('C:\\xampp\\htdocs...')
#2 C:\xampp\htdocs\wp_petshop\index.php(17): require('C:\\xampp\\htdocs...')
#3 {main}
  thrown in C:\xampp\htdocs\wp_petshop\wp-content\themes\electro-child\page-pets.php on line 53
[22-Feb-2020 09:30:38 UTC] PHP Fatal error:  Uncaught Error: Call to undefined function unique_multidim_array() in C:\xampp\htdocs\wp_petshop\wp-content\themes\electro-child\page-pets.php:53
Stack trace:
#0 C:\xampp\htdocs\wp_petshop\wp-includes\template-loader.php(98): include()
#1 C:\xampp\htdocs\wp_petshop\wp-blog-header.php(19): require_once('C:\\xampp\\htdocs...')
#2 C:\xampp\htdocs\wp_petshop\index.php(17): require('C:\\xampp\\htdocs...')
#3 {main}
  thrown in C:\xampp\htdocs\wp_petshop\wp-content\themes\electro-child\page-pets.php on line 53
[22-Feb-2020 09:31:33 UTC] PHP Fatal error:  Uncaught Error: Call to undefined function unique_multidim_array() in C:\xampp\htdocs\wp_petshop\wp-content\themes\electro-child\page-pets.php:53
Stack trace:
#0 C:\xampp\htdocs\wp_petshop\wp-includes\template-loader.php(98): include()
#1 C:\xampp\htdocs\wp_petshop\wp-blog-header.php(19): require_once('C:\\xampp\\htdocs...')
#2 C:\xampp\htdocs\wp_petshop\index.php(17): require('C:\\xampp\\htdocs...')
#3 {main}
  thrown in C:\xampp\htdocs\wp_petshop\wp-content\themes\electro-child\page-pets.php on line 53
[22-Feb-2020 09:33:40 UTC] PHP Fatal error:  Uncaught Error: Call to undefined function unique_multidim_array() in C:\xampp\htdocs\wp_petshop\wp-content\themes\electro-child\page-pets.php:53
Stack trace:
#0 C:\xampp\htdocs\wp_petshop\wp-includes\template-loader.php(98): include()
#1 C:\xampp\htdocs\wp_petshop\wp-blog-header.php(19): require_once('C:\\xampp\\htdocs...')
#2 C:\xampp\htdocs\wp_petshop\index.php(17): require('C:\\xampp\\htdocs...')
#3 {main}
  thrown in C:\xampp\htdocs\wp_petshop\wp-content\themes\electro-child\page-pets.php on line 53
[22-Feb-2020 09:38:05 UTC] PHP Fatal error:  Uncaught Error: Call to undefined function unique_multidim_array() in C:\xampp\htdocs\wp_petshop\wp-content\themes\electro-child\page-pets.php:53
Stack trace:
#0 C:\xampp\htdocs\wp_petshop\wp-includes\template-loader.php(98): include()
#1 C:\xampp\htdocs\wp_petshop\wp-blog-header.php(19): require_once('C:\\xampp\\htdocs...')
#2 C:\xampp\htdocs\wp_petshop\index.php(17): require('C:\\xampp\\htdocs...')
#3 {main}
  thrown in C:\xampp\htdocs\wp_petshop\wp-content\themes\electro-child\page-pets.php on line 53
[22-Feb-2020 09:38:22 UTC] PHP Fatal error:  Uncaught Error: Call to undefined function unique_multidim_array() in C:\xampp\htdocs\wp_petshop\wp-content\themes\electro-child\page-pets.php:53
Stack trace:
#0 C:\xampp\htdocs\wp_petshop\wp-includes\template-loader.php(98): include()
#1 C:\xampp\htdocs\wp_petshop\wp-blog-header.php(19): require_once('C:\\xampp\\htdocs...')
#2 C:\xampp\htdocs\wp_petshop\index.php(17): require('C:\\xampp\\htdocs...')
#3 {main}
  thrown in C:\xampp\htdocs\wp_petshop\wp-content\themes\electro-child\page-pets.php on line 53
[22-Feb-2020 09:39:28 UTC] PHP Fatal error:  Uncaught Error: Call to undefined function unique_multidim_array() in C:\xampp\htdocs\wp_petshop\wp-content\themes\electro-child\page-pets.php:53
Stack trace:
#0 C:\xampp\htdocs\wp_petshop\wp-includes\template-loader.php(98): include()
#1 C:\xampp\htdocs\wp_petshop\wp-blog-header.php(19): require_once('C:\\xampp\\htdocs...')
#2 C:\xampp\htdocs\wp_petshop\index.php(17): require('C:\\xampp\\htdocs...')
#3 {main}
  thrown in C:\xampp\htdocs\wp_petshop\wp-content\themes\electro-child\page-pets.php on line 53
[22-Feb-2020 09:39:34 UTC] PHP Fatal error:  Uncaught Error: Call to undefined function unique_multidim_array() in C:\xampp\htdocs\wp_petshop\wp-content\themes\electro-child\page-pets.php:53
Stack trace:
#0 C:\xampp\htdocs\wp_petshop\wp-includes\template-loader.php(98): include()
#1 C:\xampp\htdocs\wp_petshop\wp-blog-header.php(19): require_once('C:\\xampp\\htdocs...')
#2 C:\xampp\htdocs\wp_petshop\index.php(17): require('C:\\xampp\\htdocs...')
#3 {main}
  thrown in C:\xampp\htdocs\wp_petshop\wp-content\themes\electro-child\page-pets.php on line 53
[22-Feb-2020 09:40:42 UTC] PHP Fatal error:  Uncaught Error: Call to undefined function unique_multidim_array() in C:\xampp\htdocs\wp_petshop\wp-content\themes\electro-child\page-pets.php:53
Stack trace:
#0 C:\xampp\htdocs\wp_petshop\wp-includes\template-loader.php(98): include()
#1 C:\xampp\htdocs\wp_petshop\wp-blog-header.php(19): require_once('C:\\xampp\\htdocs...')
#2 C:\xampp\htdocs\wp_petshop\index.php(17): require('C:\\xampp\\htdocs...')
#3 {main}
  thrown in C:\xampp\htdocs\wp_petshop\wp-content\themes\electro-child\page-pets.php on line 53
[22-Feb-2020 09:42:25 UTC] PHP Fatal error:  Uncaught Error: Call to undefined function unique_multidim_array() in C:\xampp\htdocs\wp_petshop\wp-content\themes\electro-child\page-pets.php:51
Stack trace:
#0 C:\xampp\htdocs\wp_petshop\wp-includes\template-loader.php(98): include()
#1 C:\xampp\htdocs\wp_petshop\wp-blog-header.php(19): require_once('C:\\xampp\\htdocs...')
#2 C:\xampp\htdocs\wp_petshop\index.php(17): require('C:\\xampp\\htdocs...')
#3 {main}
  thrown in C:\xampp\htdocs\wp_petshop\wp-content\themes\electro-child\page-pets.php on line 51
[22-Feb-2020 09:44:24 UTC] PHP Fatal error:  Uncaught Error: Call to undefined function unique_multidim_array() in C:\xampp\htdocs\wp_petshop\wp-content\themes\electro-child\page-pets.php:51
Stack trace:
#0 C:\xampp\htdocs\wp_petshop\wp-includes\template-loader.php(98): include()
#1 C:\xampp\htdocs\wp_petshop\wp-blog-header.php(19): require_once('C:\\xampp\\htdocs...')
#2 C:\xampp\htdocs\wp_petshop\index.php(17): require('C:\\xampp\\htdocs...')
#3 {main}
  thrown in C:\xampp\htdocs\wp_petshop\wp-content\themes\electro-child\page-pets.php on line 51
[10-Mar-2020 15:35:40 UTC] PHP Notice:  Jetpack::is_staging_site is <strong>deprecated</strong> since version jetpack-8.1! Use /Automattic/Jetpack/Status->is_staging_site instead. in C:\xampp\htdocs\wp_petshop\wp-includes\functions.php on line 4648
