2020-02-22T07:13:20+00:00 CRITICAL Uncaught Error: Call to a member function get_id() on null in C:\xampp\htdocs\wp_petshop\wp-content\themes\electro-child\functions.php:32
Stack trace:
#0 C:\xampp\htdocs\wp_petshop\wp-includes\class-wp-hook.php(288): return_custom_price(5747.5, NULL)
#1 C:\xampp\htdocs\wp_petshop\wp-includes\plugin.php(249): WP_Hook->apply_filters('2299', Array)
#2 C:\xampp\htdocs\wp_petshop\wp-content\plugins\woocommerce\includes\class-wc-deprecated-filter-hooks.php(142): apply_filters_ref_array('woocommerce_get...', Array)
#3 C:\xampp\htdocs\wp_petshop\wp-content\plugins\woocommerce\includes\class-wc-deprecated-filter-hooks.php(129): WC_Deprecated_Filter_Hooks->trigger_hook('woocommerce_get...', Array)
#4 C:\xampp\htdocs\wp_petshop\wp-content\plugins\woocommerce\includes\abstracts\abstract-wc-deprecated-hooks.php(73): WC_Deprecated_Filter_Hooks->handle_deprecated_hook('woocommerce_pro...', 'woocommerce_get...', Array, '2299')
#5 C:\xampp\htdocs\wp_petshop\wp-includes\class-wp-hook.php(288): WC_Deprecated_Hooks->maybe_handle in C:\xampp\htdocs\wp_petshop\wp-content\themes\electro-child\functions.php on line 32

2020-02-22T07:14:13+00:00 CRITICAL Uncaught Error: Call to a member function get_id() on null in C:\xampp\htdocs\wp_petshop\wp-content\themes\electro-child\functions.php:32
Stack trace:
#0 C:\xampp\htdocs\wp_petshop\wp-includes\class-wp-hook.php(288): return_custom_price(5747.5, NULL)
#1 C:\xampp\htdocs\wp_petshop\wp-includes\plugin.php(249): WP_Hook->apply_filters('2299', Array)
#2 C:\xampp\htdocs\wp_petshop\wp-content\plugins\woocommerce\includes\class-wc-deprecated-filter-hooks.php(142): apply_filters_ref_array('woocommerce_get...', Array)
#3 C:\xampp\htdocs\wp_petshop\wp-content\plugins\woocommerce\includes\class-wc-deprecated-filter-hooks.php(129): WC_Deprecated_Filter_Hooks->trigger_hook('woocommerce_get...', Array)
#4 C:\xampp\htdocs\wp_petshop\wp-content\plugins\woocommerce\includes\abstracts\abstract-wc-deprecated-hooks.php(73): WC_Deprecated_Filter_Hooks->handle_deprecated_hook('woocommerce_pro...', 'woocommerce_get...', Array, '2299')
#5 C:\xampp\htdocs\wp_petshop\wp-includes\class-wp-hook.php(288): WC_Deprecated_Hooks->maybe_handle in C:\xampp\htdocs\wp_petshop\wp-content\themes\electro-child\functions.php on line 32

2020-02-22T07:15:14+00:00 CRITICAL Uncaught Error: Call to a member function get_id() on null in C:\xampp\htdocs\wp_petshop\wp-content\themes\electro-child\functions.php:32
Stack trace:
#0 C:\xampp\htdocs\wp_petshop\wp-includes\class-wp-hook.php(288): return_custom_price(5747.5, NULL)
#1 C:\xampp\htdocs\wp_petshop\wp-includes\plugin.php(249): WP_Hook->apply_filters('2299', Array)
#2 C:\xampp\htdocs\wp_petshop\wp-content\plugins\woocommerce\includes\class-wc-deprecated-filter-hooks.php(142): apply_filters_ref_array('woocommerce_get...', Array)
#3 C:\xampp\htdocs\wp_petshop\wp-content\plugins\woocommerce\includes\class-wc-deprecated-filter-hooks.php(129): WC_Deprecated_Filter_Hooks->trigger_hook('woocommerce_get...', Array)
#4 C:\xampp\htdocs\wp_petshop\wp-content\plugins\woocommerce\includes\abstracts\abstract-wc-deprecated-hooks.php(73): WC_Deprecated_Filter_Hooks->handle_deprecated_hook('woocommerce_pro...', 'woocommerce_get...', Array, '2299')
#5 C:\xampp\htdocs\wp_petshop\wp-includes\class-wp-hook.php(288): WC_Deprecated_Hooks->maybe_handle in C:\xampp\htdocs\wp_petshop\wp-content\themes\electro-child\functions.php on line 32

2020-02-22T07:16:12+00:00 CRITICAL Uncaught Error: Call to a member function get_id() on null in C:\xampp\htdocs\wp_petshop\wp-content\themes\electro-child\functions.php:32
Stack trace:
#0 C:\xampp\htdocs\wp_petshop\wp-includes\class-wp-hook.php(288): return_custom_price(5747.5, NULL)
#1 C:\xampp\htdocs\wp_petshop\wp-includes\plugin.php(249): WP_Hook->apply_filters('2299', Array)
#2 C:\xampp\htdocs\wp_petshop\wp-content\plugins\woocommerce\includes\class-wc-deprecated-filter-hooks.php(142): apply_filters_ref_array('woocommerce_get...', Array)
#3 C:\xampp\htdocs\wp_petshop\wp-content\plugins\woocommerce\includes\class-wc-deprecated-filter-hooks.php(129): WC_Deprecated_Filter_Hooks->trigger_hook('woocommerce_get...', Array)
#4 C:\xampp\htdocs\wp_petshop\wp-content\plugins\woocommerce\includes\abstracts\abstract-wc-deprecated-hooks.php(73): WC_Deprecated_Filter_Hooks->handle_deprecated_hook('woocommerce_pro...', 'woocommerce_get...', Array, '2299')
#5 C:\xampp\htdocs\wp_petshop\wp-includes\class-wp-hook.php(288): WC_Deprecated_Hooks->maybe_handle in C:\xampp\htdocs\wp_petshop\wp-content\themes\electro-child\functions.php on line 32

2020-02-22T07:28:39+00:00 CRITICAL Uncaught WC_Data_Exception: Invalid or duplicated SKU. in C:\xampp\htdocs\wp_petshop\wp-content\plugins\woocommerce\includes\abstracts\abstract-wc-data.php:810
Stack trace:
#0 C:\xampp\htdocs\wp_petshop\wp-content\plugins\woocommerce\includes\abstracts\abstract-wc-product.php(820): WC_Data->error('product_invalid...', 'Invalid or dupl...', 400, Array)
#1 C:\xampp\htdocs\wp_petshop\wp-content\themes\electro-child\functions.php(22): WC_Product->set_sku('product-sku')
#2 C:\xampp\htdocs\wp_petshop\wp-includes\class-wp-hook.php(288): wdm_add_user_custom_data_options_callback('')
#3 C:\xampp\htdocs\wp_petshop\wp-includes\class-wp-hook.php(312): WP_Hook->apply_filters('', Array)
#4 C:\xampp\htdocs\wp_petshop\wp-includes\plugin.php(478): WP_Hook->do_action(Array)
#5 C:\xampp\htdocs\wp_petshop\wp-admin\admin-ajax.php(175): do_action('wp_ajax_wdm_add...')
#6 {main}
  thrown in C:\xampp\htdocs\wp_petshop\wp-content\plugins\woocommerce\includes\abstracts\abstract-wc-data.php on line 810

2020-02-22T07:29:16+00:00 CRITICAL Uncaught WC_Data_Exception: Invalid or duplicated SKU. in C:\xampp\htdocs\wp_petshop\wp-content\plugins\woocommerce\includes\abstracts\abstract-wc-data.php:810
Stack trace:
#0 C:\xampp\htdocs\wp_petshop\wp-content\plugins\woocommerce\includes\abstracts\abstract-wc-product.php(820): WC_Data->error('product_invalid...', 'Invalid or dupl...', 400, Array)
#1 C:\xampp\htdocs\wp_petshop\wp-content\themes\electro-child\functions.php(22): WC_Product->set_sku('product-sku')
#2 C:\xampp\htdocs\wp_petshop\wp-includes\class-wp-hook.php(288): wdm_add_user_custom_data_options_callback('')
#3 C:\xampp\htdocs\wp_petshop\wp-includes\class-wp-hook.php(312): WP_Hook->apply_filters('', Array)
#4 C:\xampp\htdocs\wp_petshop\wp-includes\plugin.php(478): WP_Hook->do_action(Array)
#5 C:\xampp\htdocs\wp_petshop\wp-admin\admin-ajax.php(175): do_action('wp_ajax_wdm_add...')
#6 {main}
  thrown in C:\xampp\htdocs\wp_petshop\wp-content\plugins\woocommerce\includes\abstracts\abstract-wc-data.php on line 810

2020-02-22T07:29:41+00:00 CRITICAL Uncaught WC_Data_Exception: Invalid or duplicated SKU. in C:\xampp\htdocs\wp_petshop\wp-content\plugins\woocommerce\includes\abstracts\abstract-wc-data.php:810
Stack trace:
#0 C:\xampp\htdocs\wp_petshop\wp-content\plugins\woocommerce\includes\abstracts\abstract-wc-product.php(820): WC_Data->error('product_invalid...', 'Invalid or dupl...', 400, Array)
#1 C:\xampp\htdocs\wp_petshop\wp-content\themes\electro-child\functions.php(22): WC_Product->set_sku('product-sku')
#2 C:\xampp\htdocs\wp_petshop\wp-includes\class-wp-hook.php(288): wdm_add_user_custom_data_options_callback('')
#3 C:\xampp\htdocs\wp_petshop\wp-includes\class-wp-hook.php(312): WP_Hook->apply_filters('', Array)
#4 C:\xampp\htdocs\wp_petshop\wp-includes\plugin.php(478): WP_Hook->do_action(Array)
#5 C:\xampp\htdocs\wp_petshop\wp-admin\admin-ajax.php(175): do_action('wp_ajax_wdm_add...')
#6 {main}
  thrown in C:\xampp\htdocs\wp_petshop\wp-content\plugins\woocommerce\includes\abstracts\abstract-wc-data.php on line 810

2020-02-22T07:30:04+00:00 CRITICAL Uncaught WC_Data_Exception: Invalid or duplicated SKU. in C:\xampp\htdocs\wp_petshop\wp-content\plugins\woocommerce\includes\abstracts\abstract-wc-data.php:810
Stack trace:
#0 C:\xampp\htdocs\wp_petshop\wp-content\plugins\woocommerce\includes\abstracts\abstract-wc-product.php(820): WC_Data->error('product_invalid...', 'Invalid or dupl...', 400, Array)
#1 C:\xampp\htdocs\wp_petshop\wp-content\themes\electro-child\functions.php(22): WC_Product->set_sku('product-sku')
#2 C:\xampp\htdocs\wp_petshop\wp-includes\class-wp-hook.php(288): wdm_add_user_custom_data_options_callback('')
#3 C:\xampp\htdocs\wp_petshop\wp-includes\class-wp-hook.php(312): WP_Hook->apply_filters('', Array)
#4 C:\xampp\htdocs\wp_petshop\wp-includes\plugin.php(478): WP_Hook->do_action(Array)
#5 C:\xampp\htdocs\wp_petshop\wp-admin\admin-ajax.php(175): do_action('wp_ajax_wdm_add...')
#6 {main}
  thrown in C:\xampp\htdocs\wp_petshop\wp-content\plugins\woocommerce\includes\abstracts\abstract-wc-data.php on line 810

2020-02-22T07:30:21+00:00 CRITICAL Uncaught WC_Data_Exception: Invalid or duplicated SKU. in C:\xampp\htdocs\wp_petshop\wp-content\plugins\woocommerce\includes\abstracts\abstract-wc-data.php:810
Stack trace:
#0 C:\xampp\htdocs\wp_petshop\wp-content\plugins\woocommerce\includes\abstracts\abstract-wc-product.php(820): WC_Data->error('product_invalid...', 'Invalid or dupl...', 400, Array)
#1 C:\xampp\htdocs\wp_petshop\wp-content\themes\electro-child\functions.php(22): WC_Product->set_sku('product-sku')
#2 C:\xampp\htdocs\wp_petshop\wp-includes\class-wp-hook.php(288): wdm_add_user_custom_data_options_callback('')
#3 C:\xampp\htdocs\wp_petshop\wp-includes\class-wp-hook.php(312): WP_Hook->apply_filters('', Array)
#4 C:\xampp\htdocs\wp_petshop\wp-includes\plugin.php(478): WP_Hook->do_action(Array)
#5 C:\xampp\htdocs\wp_petshop\wp-admin\admin-ajax.php(175): do_action('wp_ajax_wdm_add...')
#6 {main}
  thrown in C:\xampp\htdocs\wp_petshop\wp-content\plugins\woocommerce\includes\abstracts\abstract-wc-data.php on line 810

2020-02-22T07:31:11+00:00 CRITICAL Uncaught WC_Data_Exception: Invalid or duplicated SKU. in C:\xampp\htdocs\wp_petshop\wp-content\plugins\woocommerce\includes\abstracts\abstract-wc-data.php:810
Stack trace:
#0 C:\xampp\htdocs\wp_petshop\wp-content\plugins\woocommerce\includes\abstracts\abstract-wc-product.php(820): WC_Data->error('product_invalid...', 'Invalid or dupl...', 400, Array)
#1 C:\xampp\htdocs\wp_petshop\wp-content\themes\electro-child\functions.php(22): WC_Product->set_sku('product-sku')
#2 C:\xampp\htdocs\wp_petshop\wp-includes\class-wp-hook.php(288): wdm_add_user_custom_data_options_callback('')
#3 C:\xampp\htdocs\wp_petshop\wp-includes\class-wp-hook.php(312): WP_Hook->apply_filters('', Array)
#4 C:\xampp\htdocs\wp_petshop\wp-includes\plugin.php(478): WP_Hook->do_action(Array)
#5 C:\xampp\htdocs\wp_petshop\wp-admin\admin-ajax.php(175): do_action('wp_ajax_wdm_add...')
#6 {main}
  thrown in C:\xampp\htdocs\wp_petshop\wp-content\plugins\woocommerce\includes\abstracts\abstract-wc-data.php on line 810

2020-02-22T07:38:39+00:00 CRITICAL Uncaught WC_Data_Exception: Invalid or duplicated SKU. in C:\xampp\htdocs\wp_petshop\wp-content\plugins\woocommerce\includes\abstracts\abstract-wc-data.php:810
Stack trace:
#0 C:\xampp\htdocs\wp_petshop\wp-content\plugins\woocommerce\includes\abstracts\abstract-wc-product.php(820): WC_Data->error('product_invalid...', 'Invalid or dupl...', 400, Array)
#1 C:\xampp\htdocs\wp_petshop\wp-content\themes\electro-child\functions.php(22): WC_Product->set_sku('product-sku')
#2 C:\xampp\htdocs\wp_petshop\wp-includes\class-wp-hook.php(288): wdm_add_user_custom_data_options_callback('')
#3 C:\xampp\htdocs\wp_petshop\wp-includes\class-wp-hook.php(312): WP_Hook->apply_filters('', Array)
#4 C:\xampp\htdocs\wp_petshop\wp-includes\plugin.php(478): WP_Hook->do_action(Array)
#5 C:\xampp\htdocs\wp_petshop\wp-admin\admin-ajax.php(175): do_action('wp_ajax_wdm_add...')
#6 {main}
  thrown in C:\xampp\htdocs\wp_petshop\wp-content\plugins\woocommerce\includes\abstracts\abstract-wc-data.php on line 810

2020-02-22T07:46:10+00:00 CRITICAL Uncaught WC_Data_Exception: Invalid or duplicated SKU. in C:\xampp\htdocs\wp_petshop\wp-content\plugins\woocommerce\includes\abstracts\abstract-wc-data.php:810
Stack trace:
#0 C:\xampp\htdocs\wp_petshop\wp-content\plugins\woocommerce\includes\abstracts\abstract-wc-product.php(820): WC_Data->error('product_invalid...', 'Invalid or dupl...', 400, Array)
#1 C:\xampp\htdocs\wp_petshop\wp-content\themes\electro-child\functions.php(22): WC_Product->set_sku('product-sku')
#2 C:\xampp\htdocs\wp_petshop\wp-includes\class-wp-hook.php(288): wdm_add_user_custom_data_options_callback('')
#3 C:\xampp\htdocs\wp_petshop\wp-includes\class-wp-hook.php(312): WP_Hook->apply_filters('', Array)
#4 C:\xampp\htdocs\wp_petshop\wp-includes\plugin.php(478): WP_Hook->do_action(Array)
#5 C:\xampp\htdocs\wp_petshop\wp-admin\admin-ajax.php(175): do_action('wp_ajax_wdm_add...')
#6 {main}
  thrown in C:\xampp\htdocs\wp_petshop\wp-content\plugins\woocommerce\includes\abstracts\abstract-wc-data.php on line 810

2020-02-22T07:58:24+00:00 CRITICAL syntax error, unexpected '*' in C:\xampp\htdocs\wp_petshop\wp-content\themes\electro-child\functions.php on line 93

2020-02-22T08:30:59+00:00 CRITICAL Uncaught Error: Call to undefined function unique_multidim_array() in C:\xampp\htdocs\wp_petshop\wp-content\themes\electro-child\page-pets.php:53
Stack trace:
#0 C:\xampp\htdocs\wp_petshop\wp-includes\template-loader.php(98): include()
#1 C:\xampp\htdocs\wp_petshop\wp-blog-header.php(19): require_once('C:\\xampp\\htdocs...')
#2 C:\xampp\htdocs\wp_petshop\index.php(17): require('C:\\xampp\\htdocs...')
#3 {main}
  thrown in C:\xampp\htdocs\wp_petshop\wp-content\themes\electro-child\page-pets.php on line 53

2020-02-22T08:47:32+00:00 CRITICAL Uncaught Error: Call to undefined function unique_multidim_array() in C:\xampp\htdocs\wp_petshop\wp-content\themes\electro-child\page-pets.php:53
Stack trace:
#0 C:\xampp\htdocs\wp_petshop\wp-includes\template-loader.php(98): include()
#1 C:\xampp\htdocs\wp_petshop\wp-blog-header.php(19): require_once('C:\\xampp\\htdocs...')
#2 C:\xampp\htdocs\wp_petshop\index.php(17): require('C:\\xampp\\htdocs...')
#3 {main}
  thrown in C:\xampp\htdocs\wp_petshop\wp-content\themes\electro-child\page-pets.php on line 53

2020-02-22T08:49:38+00:00 CRITICAL Uncaught Error: Call to undefined function unique_multidim_array() in C:\xampp\htdocs\wp_petshop\wp-content\themes\electro-child\page-pets.php:53
Stack trace:
#0 C:\xampp\htdocs\wp_petshop\wp-includes\template-loader.php(98): include()
#1 C:\xampp\htdocs\wp_petshop\wp-blog-header.php(19): require_once('C:\\xampp\\htdocs...')
#2 C:\xampp\htdocs\wp_petshop\index.php(17): require('C:\\xampp\\htdocs...')
#3 {main}
  thrown in C:\xampp\htdocs\wp_petshop\wp-content\themes\electro-child\page-pets.php on line 53

2020-02-22T08:50:11+00:00 CRITICAL Uncaught Error: Call to undefined function unique_multidim_array() in C:\xampp\htdocs\wp_petshop\wp-content\themes\electro-child\page-pets.php:53
Stack trace:
#0 C:\xampp\htdocs\wp_petshop\wp-includes\template-loader.php(98): include()
#1 C:\xampp\htdocs\wp_petshop\wp-blog-header.php(19): require_once('C:\\xampp\\htdocs...')
#2 C:\xampp\htdocs\wp_petshop\index.php(17): require('C:\\xampp\\htdocs...')
#3 {main}
  thrown in C:\xampp\htdocs\wp_petshop\wp-content\themes\electro-child\page-pets.php on line 53

2020-02-22T08:52:45+00:00 CRITICAL syntax error, unexpected 'public' (T_PUBLIC), expecting end of file in C:\xampp\htdocs\wp_petshop\wp-content\themes\electro-child\functions.php on line 130

2020-02-22T08:54:23+00:00 CRITICAL Uncaught Error: Call to undefined function unique_multidim_array() in C:\xampp\htdocs\wp_petshop\wp-content\themes\electro-child\page-pets.php:53
Stack trace:
#0 C:\xampp\htdocs\wp_petshop\wp-includes\template-loader.php(98): include()
#1 C:\xampp\htdocs\wp_petshop\wp-blog-header.php(19): require_once('C:\\xampp\\htdocs...')
#2 C:\xampp\htdocs\wp_petshop\index.php(17): require('C:\\xampp\\htdocs...')
#3 {main}
  thrown in C:\xampp\htdocs\wp_petshop\wp-content\themes\electro-child\page-pets.php on line 53

2020-02-22T08:54:42+00:00 CRITICAL Uncaught Error: Call to undefined function unique_multidim_array() in C:\xampp\htdocs\wp_petshop\wp-content\themes\electro-child\page-pets.php:53
Stack trace:
#0 C:\xampp\htdocs\wp_petshop\wp-includes\template-loader.php(98): include()
#1 C:\xampp\htdocs\wp_petshop\wp-blog-header.php(19): require_once('C:\\xampp\\htdocs...')
#2 C:\xampp\htdocs\wp_petshop\index.php(17): require('C:\\xampp\\htdocs...')
#3 {main}
  thrown in C:\xampp\htdocs\wp_petshop\wp-content\themes\electro-child\page-pets.php on line 53

2020-02-22T08:54:48+00:00 CRITICAL Uncaught Error: Call to undefined function unique_multidim_array() in C:\xampp\htdocs\wp_petshop\wp-content\themes\electro-child\page-pets.php:53
Stack trace:
#0 C:\xampp\htdocs\wp_petshop\wp-includes\template-loader.php(98): include()
#1 C:\xampp\htdocs\wp_petshop\wp-blog-header.php(19): require_once('C:\\xampp\\htdocs...')
#2 C:\xampp\htdocs\wp_petshop\index.php(17): require('C:\\xampp\\htdocs...')
#3 {main}
  thrown in C:\xampp\htdocs\wp_petshop\wp-content\themes\electro-child\page-pets.php on line 53

2020-02-22T08:55:00+00:00 CRITICAL Uncaught Error: Call to undefined function unique_multidim_array() in C:\xampp\htdocs\wp_petshop\wp-content\themes\electro-child\page-pets.php:53
Stack trace:
#0 C:\xampp\htdocs\wp_petshop\wp-includes\template-loader.php(98): include()
#1 C:\xampp\htdocs\wp_petshop\wp-blog-header.php(19): require_once('C:\\xampp\\htdocs...')
#2 C:\xampp\htdocs\wp_petshop\index.php(17): require('C:\\xampp\\htdocs...')
#3 {main}
  thrown in C:\xampp\htdocs\wp_petshop\wp-content\themes\electro-child\page-pets.php on line 53

2020-02-22T08:55:19+00:00 CRITICAL Uncaught Error: Call to undefined function unique_multidim_array() in C:\xampp\htdocs\wp_petshop\wp-content\themes\electro-child\page-pets.php:53
Stack trace:
#0 C:\xampp\htdocs\wp_petshop\wp-includes\template-loader.php(98): include()
#1 C:\xampp\htdocs\wp_petshop\wp-blog-header.php(19): require_once('C:\\xampp\\htdocs...')
#2 C:\xampp\htdocs\wp_petshop\index.php(17): require('C:\\xampp\\htdocs...')
#3 {main}
  thrown in C:\xampp\htdocs\wp_petshop\wp-content\themes\electro-child\page-pets.php on line 53

2020-02-22T08:55:48+00:00 CRITICAL Uncaught Error: Call to undefined function unique_multidim_array() in C:\xampp\htdocs\wp_petshop\wp-content\themes\electro-child\page-pets.php:53
Stack trace:
#0 C:\xampp\htdocs\wp_petshop\wp-includes\template-loader.php(98): include()
#1 C:\xampp\htdocs\wp_petshop\wp-blog-header.php(19): require_once('C:\\xampp\\htdocs...')
#2 C:\xampp\htdocs\wp_petshop\index.php(17): require('C:\\xampp\\htdocs...')
#3 {main}
  thrown in C:\xampp\htdocs\wp_petshop\wp-content\themes\electro-child\page-pets.php on line 53

2020-02-22T08:56:01+00:00 CRITICAL Uncaught Error: Call to undefined function unique_multidim_array() in C:\xampp\htdocs\wp_petshop\wp-content\themes\electro-child\page-pets.php:53
Stack trace:
#0 C:\xampp\htdocs\wp_petshop\wp-includes\template-loader.php(98): include()
#1 C:\xampp\htdocs\wp_petshop\wp-blog-header.php(19): require_once('C:\\xampp\\htdocs...')
#2 C:\xampp\htdocs\wp_petshop\index.php(17): require('C:\\xampp\\htdocs...')
#3 {main}
  thrown in C:\xampp\htdocs\wp_petshop\wp-content\themes\electro-child\page-pets.php on line 53

2020-02-22T09:05:28+00:00 CRITICAL Uncaught Error: Call to undefined function unique_multidim_array() in C:\xampp\htdocs\wp_petshop\wp-content\themes\electro-child\page-pets.php:53
Stack trace:
#0 C:\xampp\htdocs\wp_petshop\wp-includes\template-loader.php(98): include()
#1 C:\xampp\htdocs\wp_petshop\wp-blog-header.php(19): require_once('C:\\xampp\\htdocs...')
#2 C:\xampp\htdocs\wp_petshop\index.php(17): require('C:\\xampp\\htdocs...')
#3 {main}
  thrown in C:\xampp\htdocs\wp_petshop\wp-content\themes\electro-child\page-pets.php on line 53

2020-02-22T09:08:45+00:00 CRITICAL Uncaught Error: Call to undefined function unique_multidim_array() in C:\xampp\htdocs\wp_petshop\wp-content\themes\electro-child\page-pets.php:53
Stack trace:
#0 C:\xampp\htdocs\wp_petshop\wp-includes\template-loader.php(98): include()
#1 C:\xampp\htdocs\wp_petshop\wp-blog-header.php(19): require_once('C:\\xampp\\htdocs...')
#2 C:\xampp\htdocs\wp_petshop\index.php(17): require('C:\\xampp\\htdocs...')
#3 {main}
  thrown in C:\xampp\htdocs\wp_petshop\wp-content\themes\electro-child\page-pets.php on line 53

2020-02-22T09:18:25+00:00 CRITICAL Uncaught Error: Call to undefined function unique_multidim_array() in C:\xampp\htdocs\wp_petshop\wp-content\themes\electro-child\page-pets.php:53
Stack trace:
#0 C:\xampp\htdocs\wp_petshop\wp-includes\template-loader.php(98): include()
#1 C:\xampp\htdocs\wp_petshop\wp-blog-header.php(19): require_once('C:\\xampp\\htdocs...')
#2 C:\xampp\htdocs\wp_petshop\index.php(17): require('C:\\xampp\\htdocs...')
#3 {main}
  thrown in C:\xampp\htdocs\wp_petshop\wp-content\themes\electro-child\page-pets.php on line 53

2020-02-22T09:24:43+00:00 CRITICAL Uncaught Error: Call to undefined function unique_multidim_array() in C:\xampp\htdocs\wp_petshop\wp-content\themes\electro-child\page-pets.php:53
Stack trace:
#0 C:\xampp\htdocs\wp_petshop\wp-includes\template-loader.php(98): include()
#1 C:\xampp\htdocs\wp_petshop\wp-blog-header.php(19): require_once('C:\\xampp\\htdocs...')
#2 C:\xampp\htdocs\wp_petshop\index.php(17): require('C:\\xampp\\htdocs...')
#3 {main}
  thrown in C:\xampp\htdocs\wp_petshop\wp-content\themes\electro-child\page-pets.php on line 53

2020-02-22T09:24:47+00:00 CRITICAL Uncaught Error: Call to undefined function unique_multidim_array() in C:\xampp\htdocs\wp_petshop\wp-content\themes\electro-child\page-pets.php:53
Stack trace:
#0 C:\xampp\htdocs\wp_petshop\wp-includes\template-loader.php(98): include()
#1 C:\xampp\htdocs\wp_petshop\wp-blog-header.php(19): require_once('C:\\xampp\\htdocs...')
#2 C:\xampp\htdocs\wp_petshop\index.php(17): require('C:\\xampp\\htdocs...')
#3 {main}
  thrown in C:\xampp\htdocs\wp_petshop\wp-content\themes\electro-child\page-pets.php on line 53

2020-02-22T09:30:38+00:00 CRITICAL Uncaught Error: Call to undefined function unique_multidim_array() in C:\xampp\htdocs\wp_petshop\wp-content\themes\electro-child\page-pets.php:53
Stack trace:
#0 C:\xampp\htdocs\wp_petshop\wp-includes\template-loader.php(98): include()
#1 C:\xampp\htdocs\wp_petshop\wp-blog-header.php(19): require_once('C:\\xampp\\htdocs...')
#2 C:\xampp\htdocs\wp_petshop\index.php(17): require('C:\\xampp\\htdocs...')
#3 {main}
  thrown in C:\xampp\htdocs\wp_petshop\wp-content\themes\electro-child\page-pets.php on line 53

2020-02-22T09:31:33+00:00 CRITICAL Uncaught Error: Call to undefined function unique_multidim_array() in C:\xampp\htdocs\wp_petshop\wp-content\themes\electro-child\page-pets.php:53
Stack trace:
#0 C:\xampp\htdocs\wp_petshop\wp-includes\template-loader.php(98): include()
#1 C:\xampp\htdocs\wp_petshop\wp-blog-header.php(19): require_once('C:\\xampp\\htdocs...')
#2 C:\xampp\htdocs\wp_petshop\index.php(17): require('C:\\xampp\\htdocs...')
#3 {main}
  thrown in C:\xampp\htdocs\wp_petshop\wp-content\themes\electro-child\page-pets.php on line 53

2020-02-22T09:33:40+00:00 CRITICAL Uncaught Error: Call to undefined function unique_multidim_array() in C:\xampp\htdocs\wp_petshop\wp-content\themes\electro-child\page-pets.php:53
Stack trace:
#0 C:\xampp\htdocs\wp_petshop\wp-includes\template-loader.php(98): include()
#1 C:\xampp\htdocs\wp_petshop\wp-blog-header.php(19): require_once('C:\\xampp\\htdocs...')
#2 C:\xampp\htdocs\wp_petshop\index.php(17): require('C:\\xampp\\htdocs...')
#3 {main}
  thrown in C:\xampp\htdocs\wp_petshop\wp-content\themes\electro-child\page-pets.php on line 53

2020-02-22T09:38:05+00:00 CRITICAL Uncaught Error: Call to undefined function unique_multidim_array() in C:\xampp\htdocs\wp_petshop\wp-content\themes\electro-child\page-pets.php:53
Stack trace:
#0 C:\xampp\htdocs\wp_petshop\wp-includes\template-loader.php(98): include()
#1 C:\xampp\htdocs\wp_petshop\wp-blog-header.php(19): require_once('C:\\xampp\\htdocs...')
#2 C:\xampp\htdocs\wp_petshop\index.php(17): require('C:\\xampp\\htdocs...')
#3 {main}
  thrown in C:\xampp\htdocs\wp_petshop\wp-content\themes\electro-child\page-pets.php on line 53

2020-02-22T09:38:22+00:00 CRITICAL Uncaught Error: Call to undefined function unique_multidim_array() in C:\xampp\htdocs\wp_petshop\wp-content\themes\electro-child\page-pets.php:53
Stack trace:
#0 C:\xampp\htdocs\wp_petshop\wp-includes\template-loader.php(98): include()
#1 C:\xampp\htdocs\wp_petshop\wp-blog-header.php(19): require_once('C:\\xampp\\htdocs...')
#2 C:\xampp\htdocs\wp_petshop\index.php(17): require('C:\\xampp\\htdocs...')
#3 {main}
  thrown in C:\xampp\htdocs\wp_petshop\wp-content\themes\electro-child\page-pets.php on line 53

2020-02-22T09:39:28+00:00 CRITICAL Uncaught Error: Call to undefined function unique_multidim_array() in C:\xampp\htdocs\wp_petshop\wp-content\themes\electro-child\page-pets.php:53
Stack trace:
#0 C:\xampp\htdocs\wp_petshop\wp-includes\template-loader.php(98): include()
#1 C:\xampp\htdocs\wp_petshop\wp-blog-header.php(19): require_once('C:\\xampp\\htdocs...')
#2 C:\xampp\htdocs\wp_petshop\index.php(17): require('C:\\xampp\\htdocs...')
#3 {main}
  thrown in C:\xampp\htdocs\wp_petshop\wp-content\themes\electro-child\page-pets.php on line 53

2020-02-22T09:39:34+00:00 CRITICAL Uncaught Error: Call to undefined function unique_multidim_array() in C:\xampp\htdocs\wp_petshop\wp-content\themes\electro-child\page-pets.php:53
Stack trace:
#0 C:\xampp\htdocs\wp_petshop\wp-includes\template-loader.php(98): include()
#1 C:\xampp\htdocs\wp_petshop\wp-blog-header.php(19): require_once('C:\\xampp\\htdocs...')
#2 C:\xampp\htdocs\wp_petshop\index.php(17): require('C:\\xampp\\htdocs...')
#3 {main}
  thrown in C:\xampp\htdocs\wp_petshop\wp-content\themes\electro-child\page-pets.php on line 53

2020-02-22T09:40:42+00:00 CRITICAL Uncaught Error: Call to undefined function unique_multidim_array() in C:\xampp\htdocs\wp_petshop\wp-content\themes\electro-child\page-pets.php:53
Stack trace:
#0 C:\xampp\htdocs\wp_petshop\wp-includes\template-loader.php(98): include()
#1 C:\xampp\htdocs\wp_petshop\wp-blog-header.php(19): require_once('C:\\xampp\\htdocs...')
#2 C:\xampp\htdocs\wp_petshop\index.php(17): require('C:\\xampp\\htdocs...')
#3 {main}
  thrown in C:\xampp\htdocs\wp_petshop\wp-content\themes\electro-child\page-pets.php on line 53

2020-02-22T09:42:25+00:00 CRITICAL Uncaught Error: Call to undefined function unique_multidim_array() in C:\xampp\htdocs\wp_petshop\wp-content\themes\electro-child\page-pets.php:51
Stack trace:
#0 C:\xampp\htdocs\wp_petshop\wp-includes\template-loader.php(98): include()
#1 C:\xampp\htdocs\wp_petshop\wp-blog-header.php(19): require_once('C:\\xampp\\htdocs...')
#2 C:\xampp\htdocs\wp_petshop\index.php(17): require('C:\\xampp\\htdocs...')
#3 {main}
  thrown in C:\xampp\htdocs\wp_petshop\wp-content\themes\electro-child\page-pets.php on line 51

2020-02-22T09:44:24+00:00 CRITICAL Uncaught Error: Call to undefined function unique_multidim_array() in C:\xampp\htdocs\wp_petshop\wp-content\themes\electro-child\page-pets.php:51
Stack trace:
#0 C:\xampp\htdocs\wp_petshop\wp-includes\template-loader.php(98): include()
#1 C:\xampp\htdocs\wp_petshop\wp-blog-header.php(19): require_once('C:\\xampp\\htdocs...')
#2 C:\xampp\htdocs\wp_petshop\index.php(17): require('C:\\xampp\\htdocs...')
#3 {main}
  thrown in C:\xampp\htdocs\wp_petshop\wp-content\themes\electro-child\page-pets.php on line 51

